[0.137s] Invoking command in '/home/abd/exp_ws/src/crazyswarm2/build/crazyflie_examples': AMENT_PREFIX_PATH=/home/abd/exp_ws/src/crazyswarm2/install/crazyflie_py:/home/abd/exp_ws/src/crazyswarm2/install/crazyflie_interfaces:${AMENT_PREFIX_PATH} CMAKE_PREFIX_PATH=/home/abd/exp_ws/src/crazyswarm2/install/crazyflie_interfaces:/home/abd/exp_ws/src/install/motion_capture_tracking:/home/abd/exp_ws/src/install/crazyflie:/home/abd/exp_ws/src/install/motion_capture_tracking_interfaces:/home/abd/exp_ws/src/install/crazyflie_sim:/home/abd/exp_ws/src/install/crazyflie_examples:/home/abd/exp_ws/src/install/crazyflie_interfaces:/home/abd/exp_ws/install/motion_capture_tracking:/home/abd/exp_ws/install/crazyflie:/home/abd/exp_ws/install/motion_capture_tracking_interfaces:/home/abd/exp_ws/install/crazyflie_sim:/home/abd/exp_ws/install/crazyflie_examples:/home/abd/exp_ws/install/crazyflie_interfaces:/home/abd/exp_ws/src/install/new_description:/home/abd/exp_ws/src/install/crazyflie_py:/home/abd/exp_ws/src/install/NEW_description:/home/abd/exp_ws/install/crazyflie_py:/opt/ros/humble LD_LIBRARY_PATH=/home/abd/exp_ws/src/crazyswarm2/install/crazyflie_interfaces/lib:${LD_LIBRARY_PATH} PYTHONPATH=/home/abd/exp_ws/src/crazyswarm2/install/crazyflie_py/lib/python3.10/site-packages:/home/abd/exp_ws/src/crazyswarm2/install/crazyflie_interfaces/local/lib/python3.10/dist-packages:${PYTHONPATH} /usr/bin/cmake /home/abd/exp_ws/src/crazyswarm2/crazyflie_examples -DCMAKE_INSTALL_PREFIX=/home/abd/exp_ws/src/crazyswarm2/install/crazyflie_examples
[0.208s] -- The C compiler identification is GNU 11.4.0
[0.280s] -- The CXX compiler identification is GNU 11.4.0
[0.289s] -- Detecting C compiler ABI info
[0.382s] -- Detecting C compiler ABI info - done
[0.389s] -- Check for working C compiler: /usr/bin/cc - skipped
[0.389s] -- Detecting C compile features
[0.390s] -- Detecting C compile features - done
[0.393s] -- Detecting CXX compiler ABI info
[0.492s] -- Detecting CXX compiler ABI info - done
[0.501s] -- Check for working CXX compiler: /usr/bin/c++ - skipped
[0.502s] -- Detecting CXX compile features
[0.502s] -- Detecting CXX compile features - done
[0.508s] -- Found ament_cmake: 1.3.5 (/opt/ros/humble/share/ament_cmake/cmake)
[0.759s] -- Found Python3: /usr/bin/python3.10 (found version "3.10.12") found components: Interpreter 
[1.040s] -- Found ament_cmake_pytest: 1.3.5 (/opt/ros/humble/share/ament_cmake_pytest/cmake)
[2.248s] -- Configuring done
[2.258s] -- Generating done
[2.262s] -- Build files have been written to: /home/abd/exp_ws/src/crazyswarm2/build/crazyflie_examples
[2.270s] Invoked command in '/home/abd/exp_ws/src/crazyswarm2/build/crazyflie_examples' returned '0': AMENT_PREFIX_PATH=/home/abd/exp_ws/src/crazyswarm2/install/crazyflie_py:/home/abd/exp_ws/src/crazyswarm2/install/crazyflie_interfaces:${AMENT_PREFIX_PATH} CMAKE_PREFIX_PATH=/home/abd/exp_ws/src/crazyswarm2/install/crazyflie_interfaces:/home/abd/exp_ws/src/install/motion_capture_tracking:/home/abd/exp_ws/src/install/crazyflie:/home/abd/exp_ws/src/install/motion_capture_tracking_interfaces:/home/abd/exp_ws/src/install/crazyflie_sim:/home/abd/exp_ws/src/install/crazyflie_examples:/home/abd/exp_ws/src/install/crazyflie_interfaces:/home/abd/exp_ws/install/motion_capture_tracking:/home/abd/exp_ws/install/crazyflie:/home/abd/exp_ws/install/motion_capture_tracking_interfaces:/home/abd/exp_ws/install/crazyflie_sim:/home/abd/exp_ws/install/crazyflie_examples:/home/abd/exp_ws/install/crazyflie_interfaces:/home/abd/exp_ws/src/install/new_description:/home/abd/exp_ws/src/install/crazyflie_py:/home/abd/exp_ws/src/install/NEW_description:/home/abd/exp_ws/install/crazyflie_py:/opt/ros/humble LD_LIBRARY_PATH=/home/abd/exp_ws/src/crazyswarm2/install/crazyflie_interfaces/lib:${LD_LIBRARY_PATH} PYTHONPATH=/home/abd/exp_ws/src/crazyswarm2/install/crazyflie_py/lib/python3.10/site-packages:/home/abd/exp_ws/src/crazyswarm2/install/crazyflie_interfaces/local/lib/python3.10/dist-packages:${PYTHONPATH} /usr/bin/cmake /home/abd/exp_ws/src/crazyswarm2/crazyflie_examples -DCMAKE_INSTALL_PREFIX=/home/abd/exp_ws/src/crazyswarm2/install/crazyflie_examples
[2.272s] Invoking command in '/home/abd/exp_ws/src/crazyswarm2/build/crazyflie_examples': AMENT_PREFIX_PATH=/home/abd/exp_ws/src/crazyswarm2/install/crazyflie_py:/home/abd/exp_ws/src/crazyswarm2/install/crazyflie_interfaces:${AMENT_PREFIX_PATH} CMAKE_PREFIX_PATH=/home/abd/exp_ws/src/crazyswarm2/install/crazyflie_interfaces:/home/abd/exp_ws/src/install/motion_capture_tracking:/home/abd/exp_ws/src/install/crazyflie:/home/abd/exp_ws/src/install/motion_capture_tracking_interfaces:/home/abd/exp_ws/src/install/crazyflie_sim:/home/abd/exp_ws/src/install/crazyflie_examples:/home/abd/exp_ws/src/install/crazyflie_interfaces:/home/abd/exp_ws/install/motion_capture_tracking:/home/abd/exp_ws/install/crazyflie:/home/abd/exp_ws/install/motion_capture_tracking_interfaces:/home/abd/exp_ws/install/crazyflie_sim:/home/abd/exp_ws/install/crazyflie_examples:/home/abd/exp_ws/install/crazyflie_interfaces:/home/abd/exp_ws/src/install/new_description:/home/abd/exp_ws/src/install/crazyflie_py:/home/abd/exp_ws/src/install/NEW_description:/home/abd/exp_ws/install/crazyflie_py:/opt/ros/humble LD_LIBRARY_PATH=/home/abd/exp_ws/src/crazyswarm2/install/crazyflie_interfaces/lib:${LD_LIBRARY_PATH} PYTHONPATH=/home/abd/exp_ws/src/crazyswarm2/install/crazyflie_py/lib/python3.10/site-packages:/home/abd/exp_ws/src/crazyswarm2/install/crazyflie_interfaces/local/lib/python3.10/dist-packages:${PYTHONPATH} /usr/bin/cmake --build /home/abd/exp_ws/src/crazyswarm2/build/crazyflie_examples -- -j12 -l12
[2.390s] Built target ament_cmake_python_copy_crazyflie_examples_setup
[2.406s] Built target ament_cmake_python_copy_crazyflie_examples
[2.797s] Traceback (most recent call last):
[2.797s] Traceback (most recent call last):
[2.797s]   File "/home/abd/exp_ws/src/crazyswarm2/build/crazyflie_examples/ament_cmake_python/crazyflie_examples/setup.py", line 1, in <module>
[2.797s]   File "/home/abd/exp_ws/src/crazyswarm2/build/crazyflie_examples/ament_cmake_python/crazyflie_examples/setup.py", line 1, in <module>
[2.797s]     from setuptools import find_packages
[2.797s]   File "/home/abd/.local/lib/python3.10/site-packages/setuptools/__init__.py", line 16, in <module>
[2.797s]     from setuptools import find_packages
[2.798s]   File "/home/abd/.local/lib/python3.10/site-packages/setuptools/__init__.py", line 18, in <module>
[2.798s]     from setuptools.dist import Distribution
[2.798s]     import setuptools.version
[2.798s]   File "/home/abd/.local/lib/python3.10/site-packages/setuptools/dist.py", line 18, in <module>
[2.798s]   File "/home/abd/.local/lib/python3.10/site-packages/setuptools/version.py", line 1, in <module>
[2.798s]     import pkg_resources
[2.799s]   File "/home/abd/.local/lib/python3.10/site-packages/pkg_resources/__init__.py", line 3243, in <module>
[2.799s]     from glob import iglob
[2.799s]   File "<frozen importlib._bootstrap>", line 1027, in _find_and_load
[2.799s]   File "<frozen importlib._bootstrap>", line 1002, in _find_and_load_unlocked
[2.799s]   File "<frozen importlib._bootstrap>", line 945, in _find_spec
[2.799s]   File "<frozen importlib._bootstrap_external>", line 1439, in find_spec
[2.800s]   File "<frozen importlib._bootstrap_external>", line 1411, in _get_spec
[2.801s]   File "<frozen importlib._bootstrap_external>", line 1544, in find_spec
[2.801s]   File "<frozen importlib._bootstrap_external>", line 147, in _path_stat
[2.801s]     def _initialize_master_working_set():
[2.801s]   File "/home/abd/.local/lib/python3.10/site-packages/pkg_resources/__init__.py", line 3226, in _call_aside
[2.801s] KeyboardInterrupt
[2.801s]     f(*args, **kwargs)
[2.801s]   File "/home/abd/.local/lib/python3.10/site-packages/pkg_resources/__init__.py", line 3255, in _initialize_master_working_set
[2.801s]     working_set = WorkingSet._build_master()
[2.801s]   File "/home/abd/.local/lib/python3.10/site-packages/pkg_resources/__init__.py", line 559, in _build_master
[2.802s]     ws = cls()
[2.802s]   File "/home/abd/.local/lib/python3.10/site-packages/pkg_resources/__init__.py", line 552, in __init__
[2.802s]     self.add_entry(entry)
[2.802s]   File "/home/abd/.local/lib/python3.10/site-packages/pkg_resources/__init__.py", line 608, in add_entry
[2.803s]     for dist in find_distributions(entry, True):
[2.803s]   File "/home/abd/.local/lib/python3.10/site-packages/pkg_resources/__init__.py", line 2063, in find_on_path
[2.803s]     for dist in factory(fullpath):
[2.803s]   File "/home/abd/.local/lib/python3.10/site-packages/pkg_resources/__init__.py", line 2128, in distributions_from_metadata
[2.803s]     yield Distribution.from_location(
[2.803s]   File "/home/abd/.local/lib/python3.10/site-packages/pkg_resources/__init__.py", line 2591, in from_location
[2.803s]     )._reload_version()
[2.803s]   File "/home/abd/.local/lib/python3.10/site-packages/pkg_resources/__init__.py", line 2989, in _reload_version
[2.803s]     md_version = self._get_version()
[2.804s]   File "/home/abd/.local/lib/python3.10/site-packages/pkg_resources/__init__.py", line 2770, in _get_version
[2.804s]     version = _version_from_file(lines)
[2.804s]   File "/home/abd/.local/lib/python3.10/site-packages/pkg_resources/__init__.py", line 2554, in _version_from_file
[2.804s]     line = next(iter(version_lines), '')
[2.804s]   File "/home/abd/.local/lib/python3.10/site-packages/pkg_resources/__init__.py", line 2764, in _get_metadata
[2.804s]     if self.has_metadata(name):
[2.804s]   File "/home/abd/.local/lib/python3.10/site-packages/pkg_resources/__init__.py", line 2810, in __getattr__
[2.804s]     def __getattr__(self, attr):
[2.804s] KeyboardInterrupt
[2.822s] gmake[2]: *** [CMakeFiles/ament_cmake_python_build_crazyflie_examples_egg.dir/build.make:70: CMakeFiles/ament_cmake_python_build_crazyflie_examples_egg] Interrupt
[2.822s] gmake[1]: *** [CMakeFiles/Makefile2:194: CMakeFiles/ament_cmake_python_build_crazyflie_examples_egg.dir/all] Interrupt
[2.824s] gmake[2]: *** [CMakeFiles/ament_cmake_python_build_crazyflie_examples_scripts.dir/build.make:70: CMakeFiles/ament_cmake_python_build_crazyflie_examples_scripts] Interrupt
[2.824s] gmake[1]: *** [CMakeFiles/Makefile2:221: CMakeFiles/ament_cmake_python_build_crazyflie_examples_scripts.dir/all] Interrupt
[2.825s] gmake: *** [Makefile:146: all] Interrupt
[2.832s] Invoked command in '/home/abd/exp_ws/src/crazyswarm2/build/crazyflie_examples' returned '-2': AMENT_PREFIX_PATH=/home/abd/exp_ws/src/crazyswarm2/install/crazyflie_py:/home/abd/exp_ws/src/crazyswarm2/install/crazyflie_interfaces:${AMENT_PREFIX_PATH} CMAKE_PREFIX_PATH=/home/abd/exp_ws/src/crazyswarm2/install/crazyflie_interfaces:/home/abd/exp_ws/src/install/motion_capture_tracking:/home/abd/exp_ws/src/install/crazyflie:/home/abd/exp_ws/src/install/motion_capture_tracking_interfaces:/home/abd/exp_ws/src/install/crazyflie_sim:/home/abd/exp_ws/src/install/crazyflie_examples:/home/abd/exp_ws/src/install/crazyflie_interfaces:/home/abd/exp_ws/install/motion_capture_tracking:/home/abd/exp_ws/install/crazyflie:/home/abd/exp_ws/install/motion_capture_tracking_interfaces:/home/abd/exp_ws/install/crazyflie_sim:/home/abd/exp_ws/install/crazyflie_examples:/home/abd/exp_ws/install/crazyflie_interfaces:/home/abd/exp_ws/src/install/new_description:/home/abd/exp_ws/src/install/crazyflie_py:/home/abd/exp_ws/src/install/NEW_description:/home/abd/exp_ws/install/crazyflie_py:/opt/ros/humble LD_LIBRARY_PATH=/home/abd/exp_ws/src/crazyswarm2/install/crazyflie_interfaces/lib:${LD_LIBRARY_PATH} PYTHONPATH=/home/abd/exp_ws/src/crazyswarm2/install/crazyflie_py/lib/python3.10/site-packages:/home/abd/exp_ws/src/crazyswarm2/install/crazyflie_interfaces/local/lib/python3.10/dist-packages:${PYTHONPATH} /usr/bin/cmake --build /home/abd/exp_ws/src/crazyswarm2/build/crazyflie_examples -- -j12 -l12
